    FAILED!
    Module: foo
    Test: first test
    Assertion: failed, expected argument to be truthy, was: false
    Actual: false
    Expected: true
      at Object\.<anonymous> \(/.+test/output-error/tests.js:\d+:\d+\)

    FAILED!
    Module: bar
    Test: first test
    Assertion: undefined
    Actual: 1
    Expected: 2
      at Object\.<anonymous> \(/.+test/output-error/tests.js:\d+:\d+\)
6 assertions in \d+ms, passed: 4, failed: 2
